ArtilleryAndroid2017010431/androidSDKDemos30/build/outputs/logs/manifest-merger-debug-report.txt
-- Merging decision tree log ---
manifest
ADDED from src\main\AndroidManifest.xml:2:1-158:12
	package
		ADDED from src\main\AndroidManifest.xml:2:70-100
		INJECTED from src\main\AndroidManifest.xml
		INJECTED from src\main\AndroidManifest.xml
	android:versionName
		ADDED from src\main\AndroidManifest.xml:2:125-150
		INJECTED from src\main\AndroidManifest.xml
		INJECTED from src\main\AndroidManifest.xml
	android:versionCode
		ADDED from src\main\AndroidManifest.xml:2:101-124
		INJECTED from src\main\AndroidManifest.xml
		INJECTED from src\main\AndroidManifest.xml
	xmlns:android
		ADDED from src\main\AndroidManifest.xml:2:11-69
uses-sdk
ADDED from src\main\AndroidManifest.xml:3:3-41
	android:targetSdkVersion
		INJECTED from src\main\AndroidManifest.xml
		INJECTED from src\main\AndroidManifest.xml
	android:minSdkVersion
		ADDED from src\main\AndroidManifest.xml:3:13-38
		INJECTED from src\main\AndroidManifest.xml
		INJECTED from src\main\AndroidManifest.xml
uses-permission#android.permission.ACCESS_NETWORK_STATE
ADDED from src\main\AndroidManifest.xml:4:3-5:21
	android:name
		ADDED from src\main\AndroidManifest.xml:4:20-74
uses-permission#android.permission.ACCESS_WIFI_STATE
ADDED from src\main\AndroidManifest.xml:6:3-7:21
	android:name
		ADDED from src\main\AndroidManifest.xml:6:20-71
uses-permission#android.permission.INTERNET
ADDED from src\main\AndroidManifest.xml:8:3-9:21
	android:name
		ADDED from src\main\AndroidManifest.xml:8:20-62
uses-permission#android.permission.ACCESS_COARSE_LOCATION
ADDED from src\main\AndroidManifest.xml:10:3-11:21
	android:name
		ADDED from src\main\AndroidManifest.xml:10:20-76
uses-permission#android.permission.READ_PHONE_STATE
ADDED from src\main\AndroidManifest.xml:12:3-13:21
	android:name
		ADDED from src\main\AndroidManifest.xml:12:20-70
uses-permission#android.permission.WRITE_EXTERNAL_STORAGE
ADDED from src\main\AndroidManifest.xml:14:3-15:21
	android:name
		ADDED from src\main\AndroidManifest.xml:14:20-76
uses-permission#android.permission.ACCESS_FINE_LOCATION
ADDED from src\main\AndroidManifest.xml:16:3-17:21
	android:name
		ADDED from src\main\AndroidManifest.xml:16:20-74
application
ADDED from src\main\AndroidManifest.xml:18:3-157:17
	android:label
		ADDED from src\main\AndroidManifest.xml:18:93-125
	android:icon
		ADDED from src\main\AndroidManifest.xml:18:63-92
	android:theme
		ADDED from src\main\AndroidManifest.xml:18:126-168
	android:name
		ADDED from src\main\AndroidManifest.xml:18:16-62
activity#com.tianditu.sdkDemo.SDKDemoMain
ADDED from src\main\AndroidManifest.xml:19:5-24:16
	android:label
		ADDED from src\main\AndroidManifest.xml:19:63-95
	android:name
		ADDED from src\main\AndroidManifest.xml:19:15-62
intent-filter#android.intent.action.MAIN+android.intent.category.LAUNCHER
ADDED from src\main\AndroidManifest.xml:20:7-23:23
action#android.intent.action.MAIN
ADDED from src\main\AndroidManifest.xml:21:9-61
	android:name
		ADDED from src\main\AndroidManifest.xml:21:17-58
category#android.intent.category.LAUNCHER
ADDED from src\main\AndroidManifest.xml:22:9-69
	android:name
		ADDED from src\main\AndroidManifest.xml:22:19-66
activity#com.tianditu.sdkDemo.MapViewDemo
ADDED from src\main\AndroidManifest.xml:26:5-31:16
	android:label
		ADDED from src\main\AndroidManifest.xml:26:103-138
	android:description
		ADDED from src\main\AndroidManifest.xml:26:63-102
	android:name
		ADDED from src\main\AndroidManifest.xml:26:15-62
intent-filter#android.intent.action.MAIN+android.intent.category.DEFAULT
ADDED from src\main\AndroidManifest.xml:27:7-30:23
category#android.intent.category.DEFAULT
ADDED from src\main\AndroidManifest.xml:29:9-68
	android:name
		ADDED from src\main\AndroidManifest.xml:29:19-65
activity#com.tianditu.sdkDemo.MapLayerDemo
ADDED from src\main\AndroidManifest.xml:32:5-37:16
	android:label
		ADDED from src\main\AndroidManifest.xml:32:84-120
	android:description
		ADDED from src\main\AndroidManifest.xml:32:44-83
	android:name
		ADDED from src\main\AndroidManifest.xml:32:15-43
activity#com.tianditu.sdkDemo.MapControllDemo
ADDED from src\main\AndroidManifest.xml:38:5-43:16
	android:label
		ADDED from src\main\AndroidManifest.xml:38:126-165
	android:windowSoftInputMode
		ADDED from src\main\AndroidManifest.xml:38:166-205
	android:configChanges
		ADDED from src\main\AndroidManifest.xml:38:47-85
	android:description
		ADDED from src\main\AndroidManifest.xml:38:86-125
	android:name
		ADDED from src\main\AndroidManifest.xml:38:15-46
activity#com.tianditu.sdkDemo.MapProjectionDemo
ADDED from src\main\AndroidManifest.xml:44:5-49:16
	android:label
		ADDED from src\main\AndroidManifest.xml:44:128-166
	android:windowSoftInputMode
		ADDED from src\main\AndroidManifest.xml:44:167-206
	android:configChanges
		ADDED from src\main\AndroidManifest.xml:44:49-87
	android:description
		ADDED from src\main\AndroidManifest.xml:44:88-127
	android:name
		ADDED from src\main\AndroidManifest.xml:44:15-48
activity#com.tianditu.sdkDemo.MapCustomSourceDemo
ADDED from src\main\AndroidManifest.xml:50:5-55:16
	android:label
		ADDED from src\main\AndroidManifest.xml:50:130-152
	android:windowSoftInputMode
		ADDED from src\main\AndroidManifest.xml:50:153-192
	android:configChanges
		ADDED from src\main\AndroidManifest.xml:50:51-89
	android:description
		ADDED from src\main\AndroidManifest.xml:50:90-129
	android:name
		ADDED from src\main\AndroidManifest.xml:50:15-50
activity#com.tianditu.sdkDemo.MyLocationDemo
ADDED from src\main\AndroidManifest.xml:57:5-62:16
	android:label
		ADDED from src\main\AndroidManifest.xml:57:86-124
	android:launchMode
		ADDED from src\main\AndroidManifest.xml:57:125-156
	android:description
		ADDED from src\main\AndroidManifest.xml:57:46-85
	android:name
		ADDED from src\main\AndroidManifest.xml:57:15-45
activity#com.tianditu.sdkDemo.OverlayDemo
ADDED from src\main\AndroidManifest.xml:63:5-68:16
	android:screenOrientation
		ADDED from src\main\AndroidManifest.xml:63:170-204
	android:label
		ADDED from src\main\AndroidManifest.xml:63:134-169
	android:configChanges
		ADDED from src\main\AndroidManifest.xml:63:43-93
	android:description
		ADDED from src\main\AndroidManifest.xml:63:94-133
	android:name
		ADDED from src\main\AndroidManifest.xml:63:15-42
activity#com.tianditu.sdkDemo.ItemizedOverlayDemo
ADDED from src\main\AndroidManifest.xml:69:5-74:16
	android:screenOrientation
		ADDED from src\main\AndroidManifest.xml:69:186-220
	android:label
		ADDED from src\main\AndroidManifest.xml:69:142-185
	android:configChanges
		ADDED from src\main\AndroidManifest.xml:69:51-101
	android:description
		ADDED from src\main\AndroidManifest.xml:69:102-141
	android:name
		ADDED from src\main\AndroidManifest.xml:69:15-50
activity#com.tianditu.sdkDemo.MarkerOverlayDemo
ADDED from src\main\AndroidManifest.xml:75:5-80:16
	android:screenOrientation
		ADDED from src\main\AndroidManifest.xml:75:182-216
	android:label
		ADDED from src\main\AndroidManifest.xml:75:140-181
	android:configChanges
		ADDED from src\main\AndroidManifest.xml:75:49-99
	android:description
		ADDED from src\main\AndroidManifest.xml:75:100-139
	android:name
		ADDED from src\main\AndroidManifest.xml:75:15-48
activity#com.tianditu.sdkDemo.TextOverlayDemo
ADDED from src\main\AndroidManifest.xml:81:5-86:16
	android:screenOrientation
		ADDED from src\main\AndroidManifest.xml:81:178-212
	android:label
		ADDED from src\main\AndroidManifest.xml:81:138-177
	android:configChanges
		ADDED from src\main\AndroidManifest.xml:81:47-97
	android:description
		ADDED from src\main\AndroidManifest.xml:81:98-137
	android:name
		ADDED from src\main\AndroidManifest.xml:81:15-46
activity#com.tianditu.sdkDemo.GeometryOverlayDemo
ADDED from src\main\AndroidManifest.xml:87:5-92:16
	android:screenOrientation
		ADDED from src\main\AndroidManifest.xml:87:186-220
	android:label
		ADDED from src\main\AndroidManifest.xml:87:142-185
	android:configChanges
		ADDED from src\main\AndroidManifest.xml:87:51-101
	android:description
		ADDED from src\main\AndroidManifest.xml:87:102-141
	android:name
		ADDED from src\main\AndroidManifest.xml:87:15-50
activity#com.tianditu.sdkDemo.OfflineMapDemoList
ADDED from src\main\AndroidManifest.xml:94:5-99:16
	android:label
		ADDED from src\main\AndroidManifest.xml:94:152-194
	android:launchMode
		ADDED from src\main\AndroidManifest.xml:94:195-226
	android:configChanges
		ADDED from src\main\AndroidManifest.xml:94:50-111
	android:description
		ADDED from src\main\AndroidManifest.xml:94:112-151
	android:name
		ADDED from src\main\AndroidManifest.xml:94:15-49
activity#com.tianditu.sdkDemo.PoiSearchDemo
ADDED from src\main\AndroidManifest.xml:101:5-106:16
	android:screenOrientation
		ADDED from src\main\AndroidManifest.xml:101:174-208
	android:label
		ADDED from src\main\AndroidManifest.xml:101:136-173
	android:configChanges
		ADDED from src\main\AndroidManifest.xml:101:45-95
	android:description
		ADDED from src\main\AndroidManifest.xml:101:96-135
	android:name
		ADDED from src\main\AndroidManifest.xml:101:15-44
activity#com.tianditu.sdkDemo.GeoDecodeDemo
ADDED from src\main\AndroidManifest.xml:107:5-112:16
	android:label
		ADDED from src\main\AndroidManifest.xml:107:147-184
	android:launchMode
		ADDED from src\main\AndroidManifest.xml:107:185-216
	android:configChanges
		ADDED from src\main\AndroidManifest.xml:107:45-106
	android:description
		ADDED from src\main\AndroidManifest.xml:107:107-146
	android:name
		ADDED from src\main\AndroidManifest.xml:107:15-44
activity#com.tianditu.sdkDemo.BusStationIDSearchDemo
ADDED from src\main\AndroidManifest.xml:113:5-118:16
	android:screenOrientation
		ADDED from src\main\AndroidManifest.xml:113:192-226
	android:label
		ADDED from src\main\AndroidManifest.xml:113:145-191
	android:configChanges
		ADDED from src\main\AndroidManifest.xml:113:54-104
	android:description
		ADDED from src\main\AndroidManifest.xml:113:105-144
	android:name
		ADDED from src\main\AndroidManifest.xml:113:15-53
activity#com.tianditu.sdkDemo.BusLineIDSearchDemo
ADDED from src\main\AndroidManifest.xml:119:5-124:16
	android:screenOrientation
		ADDED from src\main\AndroidManifest.xml:119:186-220
	android:label
		ADDED from src\main\AndroidManifest.xml:119:142-185
	android:configChanges
		ADDED from src\main\AndroidManifest.xml:119:51-101
	android:description
		ADDED from src\main\AndroidManifest.xml:119:102-141
	android:name
		ADDED from src\main\AndroidManifest.xml:119:15-50
activity#com.tianditu.sdkDemo.BusLineKeySearchDemo
ADDED from src\main\AndroidManifest.xml:125:5-130:16
	android:screenOrientation
		ADDED from src\main\AndroidManifest.xml:125:188-222
	android:label
		ADDED from src\main\AndroidManifest.xml:125:143-187
	android:configChanges
		ADDED from src\main\AndroidManifest.xml:125:52-102
	android:description
		ADDED from src\main\AndroidManifest.xml:125:103-142
	android:name
		ADDED from src\main\AndroidManifest.xml:125:15-51
activity#com.tianditu.sdkDemo.DrivingDemo
ADDED from src\main\AndroidManifest.xml:131:5-136:16
	android:label
		ADDED from src\main\AndroidManifest.xml:131:83-118
	android:description
		ADDED from src\main\AndroidManifest.xml:131:43-82
	android:name
		ADDED from src\main\AndroidManifest.xml:131:15-42
activity#com.tianditu.sdkDemo.TransitSearchDemo
ADDED from src\main\AndroidManifest.xml:137:5-142:16
	android:screenOrientation
		ADDED from src\main\AndroidManifest.xml:137:182-216
	android:label
		ADDED from src\main\AndroidManifest.xml:137:140-181
	android:configChanges
		ADDED from src\main\AndroidManifest.xml:137:49-99
	android:description
		ADDED from src\main\AndroidManifest.xml:137:100-139
	android:name
		ADDED from src\main\AndroidManifest.xml:137:15-48
activity#com.tianditu.sdkDemo.ActivityLogoDemo
ADDED from src\main\AndroidManifest.xml:145:5-150:16
	android:label
		ADDED from src\main\AndroidManifest.xml:145:88-110
	android:description
		ADDED from src\main\AndroidManifest.xml:145:48-87
	android:name
		ADDED from src\main\AndroidManifest.xml:145:15-47
activity#com.tianditu.sdkDemo.ActivitySimulateGpsDemo
ADDED from src\main\AndroidManifest.xml:151:5-156:16
	android:label
		ADDED from src\main\AndroidManifest.xml:151:95-119
	android:description
		ADDED from src\main\AndroidManifest.xml:151:55-94
	android:name
		ADDED from src\main\AndroidManifest.xml:151:15-54